<?xml version="1.0" encoding="UTF-8" ?>
<testsuite errors="0" failures="0" hostname="Ratchette" name="assignment4.BookTest" skipped="0" tests="3" time="0.078" timestamp="2013-11-27T22:58:47">
  <properties>
[...]
</properties>
  <testcase classname="assignment4.BookTest" name="validManualConstructor" time="0.009" />
  <testcase classname="assignment4.BookTest" name="formattedStringTest" time="0.0" />
  <testcase classname="assignment4.BookTest" name="validStringConstructor" time="0.001" />
  <system-out><![CDATA[]]></system-out>
  <system-err><![CDATA[]]></system-err>
</testsuite>
