<?xml version="1.0" encoding="UTF-8" ?>
<testsuites>
  <testsuite errors="1" failures="0" hostname="Ratchette" id="0" name="BookTest" package="assignment4" skipped="0" tests="1" time="0.0" timestamp="2013-11-27T22:49:10">
      <properties>
[...]
</properties>

      <error message="assignment4.BookTest" type="java.lang.ClassNotFoundException">java.lang.ClassNotFoundException: assignment4.BookTest
	at java.net.URLClassLoader$1.run(URLClassLoader.java:366)
	at java.net.URLClassLoader$1.run(URLClassLoader.java:355)
	at java.security.AccessController.doPrivileged(Native Method)
	at java.net.URLClassLoader.findClass(URLClassLoader.java:354)
	at java.lang.ClassLoader.loadClass(ClassLoader.java:424)
	at sun.misc.Launcher$AppClassLoader.loadClass(Launcher.java:308)
	at java.lang.ClassLoader.loadClass(ClassLoader.java:357)
	at java.lang.Class.forName0(Native Method)
	at java.lang.Class.forName(Class.java:190)
</error>

      <system-out />

      <system-err />

  </testsuite>
</testsuites>
